 

--- Create Person Request at 2026-02-09 20:44:29.268185+00:00 ---
Data: {'first_name': 'John', 'last_name': 'Doe', 'sex': 'Male', 'birth_date': '1995-05-20', 'is_approved': True}
Headers: {'Content-Length': '106', 'Content-Type': 'application/json', 'Accept-Encoding': 'identity', 'Host': 'localhost:8000', 'User-Agent': 'Python-urllib/3.13', 'Connection': 'close'}
Validated Data: {'first_name': 'John', 'last_name': 'Doe', 'sex': 'Male', 'birth_date': datetime.date(1995, 5, 20), 'is_approved': True}
Calculated next_id: 4
Successfully created person ID: 4

--- Create Person Request at 2026-02-09 20:45:31.213626+00:00 ---
Data: {'first_name': 'Bahaa Eddine', 'last_name': 'ZAOUI', 'sex': 'Male', 'birth_date': '2001-08-21', 'is_approved': True}
Headers: {'Content-Length': '107', 'Content-Type': 'application/json', 'Host': 'localhost:8000', 'Connection': 'close', 'Sec-Ch-Ua-Platform': '"Windows"', 'Authorization': 'Bearer eyJhbGciOiJIUzI1NiIsInR5cCI6IkpXVCJ9.eyJ0b2tlbl90eXBlIjoiYWNjZXNzIiwiZXhwIjoxNzcwNjk4NzE4LCJpYXQiOjE3NzA2Njk5MTgsImp0aSI6IjE5Y2M1NmE0YjAzZDQ0ZTg4ZjM0MGIyMzgxNDIyNGMzIiwidXNlcl9pZCI6MSwidXNlcm5hbWUiOiJhZG1pbiIsImlzX3N1cGVydXNlciI6dHJ1ZX0.HRs-WioIphWO6qqqnupNXKW1_m1rmyhriDT0DabDXCM', 'User-Agent': 'Mozilla/5.0 (Windows NT 10.0; Win64; x64) AppleWebKit/537.36 (KHTML, like Gecko) Chrome/144.0.0.0 Safari/537.36', 'Accept': 'application/json, text/plain, */*', 'Sec-Ch-Ua': '"Not(A:Brand";v="8", "Chromium";v="144", "Brave";v="144"', 'Sec-Ch-Ua-Mobile': '?0', 'Sec-Gpc': '1', 'Accept-Language': 'en-US,en;q=0.9', 'Origin': 'http://localhost:5173', 'Sec-Fetch-Site': 'same-origin', 'Sec-Fetch-Mode': 'cors', 'Sec-Fetch-Dest': 'empty', 'Referer': 'http://localhost:5173/dashboard/persons', 'Accept-Encoding': 'gzip, deflate, br, zstd', 'Cookie': 'lang=ar; csrftoken=uJ7OCjB2UeMxshw0ubE7u3dKkUPZV1H1; sessionid=mwube6mtzimgwmghul5d0r6qos8lqeqe'}
Validated Data: {'first_name': 'Bahaa Eddine', 'last_name': 'ZAOUI', 'sex': 'Male', 'birth_date': datetime.date(2001, 8, 21), 'is_approved': True}
Calculated next_id: 5
Successfully created person ID: 5

--- Create Asset Type Request ---
Data: {'asset_type_label': 'Laptop', 'asset_type_code': 'LAP'}
Calculated next asset_type_id: 1
Successfully created asset type ID: 1

--- Create Asset Model Request ---
Data: {'model_name': 'Latitude 5531', 'model_code': 'L5531', 'asset_brand': 1, 'asset_type': 1, 'is_active': True, 'notes': '', 'release_year': 2022, 'discontinued_year': None, 'warranty_expiry_in_months': 22}
Calculated next asset_model_id: 1
Successfully created asset model ID: 1

--- Create Stock Item Type Request ---
Data: {'stock_item_type_label': 'Mouse', 'stock_item_type_code': 'MS'}
Calculated next stock_item_type_id: 1
Successfully created stock item type ID: 1

--- Create Consumable Type Request ---
Data: {'consumable_type_label': 'Pen', 'consumable_type_code': 'PEN'}
Calculated next consumable_type_id: 1
Successfully created consumable type ID: 1

--- Create Room Type Request ---
Data: {'room_type_label': 'Room 1', 'room_type_code': 'R1'}
Calculated next room_type_id: 1
Successfully created room type ID: 1

--- Create Room Type Request ---
Data: {'room_type_label': 'Storage Room', 'room_type_code': 'STORAGE'}
Calculated next room_type_id: 1
Successfully created room type ID: 1

--- Create Room Type Request ---
Data: {'room_type_label': 'Storage Room', 'room_type_code': 'STORAGE'}
Calculated next room_type_id: 1
Successfully created room type ID: 1

--- Create Room Type Request ---
Data: {'room_type_label': 'Storage Room', 'room_type_code': 'STORAGE'}
Calculated next room_type_id: 1
Successfully created room type ID: 1

--- Create Room Type Request ---
Data: {'room_type_label': 'Storage Room', 'room_type_code': 'STORAGE'}
Calculated next room_type_id: 1
Successfully created room type ID: 1

--- Create Asset Type Request ---
Data: {'asset_type_label': 'Printer', 'asset_type_code': 'PRNT'}
Calculated next asset_type_id: 4
Successfully created asset type ID: 4

--- Create Asset Type Request ---
Data: {'asset_type_label': 'Scanner', 'asset_type_code': 'Scanner'}
Calculated next asset_type_id: 5
Successfully created asset type ID: 5

--- Create Asset Type Request ---
Data: {'asset_type_label': 'Monitor', 'asset_type_code': 'Monitor'}
Calculated next asset_type_id: 6
Successfully created asset type ID: 6

--- Create Asset Type Request ---
Data: {'asset_type_label': 'Projector', 'asset_type_code': 'PRJCT'}
Calculated next asset_type_id: 7
Successfully created asset type ID: 7

--- Create Stock Item Type Request ---
Data: {'stock_item_type_label': 'Keyboard', 'stock_item_type_code': 'Keyboard'}
Calculated next stock_item_type_id: 2
Successfully created stock item type ID: 2

--- Create Stock Item Type Request ---
Data: {'stock_item_type_label': 'Random Access Memory', 'stock_item_type_code': 'RAM'}
Calculated next stock_item_type_id: 7
Successfully created stock item type ID: 7

--- Create Relation Request ---
Data: {'organizational_structure': 2, 'parent_organizational_structure': '1', 'relation_type': ''}
ERROR creating relation: Cannot assign "2": "OrganizationalStructureRelation.organizational_structure" must be a "OrganizationalStructure" instance.
Traceback: Traceback (most recent call last):
  File "D:\Projects\Equipment Management System\backend\api\views.py", line 1377, in create
    relation = serializer.save()
  File "D:\Projects\Equipment Management System\backend\venv\Lib\site-packages\rest_framework\serializers.py", line 210, in save
    self.instance = self.create(validated_data)
                    ~~~~~~~~~~~^^^^^^^^^^^^^^^^
  File "D:\Projects\Equipment Management System\backend\venv\Lib\site-packages\rest_framework\serializers.py", line 991, in create
    instance = ModelClass._default_manager.create(**validated_data)
  File "D:\Projects\Equipment Management System\backend\venv\Lib\site-packages\django\db\models\manager.py", line 87, in manager_method
    return getattr(self.get_queryset(), name)(*args, **kwargs)
           ~~~~~~~~~~~~~~~~~~~~~~~~~~~~~~~~~~^^^^^^^^^^^^^^^^^
  File "D:\Projects\Equipment Management System\backend\venv\Lib\site-packages\django\db\models\query.py", line 667, in create
    obj = self.model(**kwargs)
  File "D:\Projects\Equipment Management System\backend\venv\Lib\site-packages\django\db\models\base.py", line 566, in __init__
    _setattr(self, field.name, rel_obj)
    ~~~~~~~~^^^^^^^^^^^^^^^^^^^^^^^^^^^
  File "D:\Projects\Equipment Management System\backend\venv\Lib\site-packages\django\db\models\fields\related_descriptors.py", line 287, in __set__
    raise ValueError(
    ...<7 lines>...
    )
ValueError: Cannot assign "2": "OrganizationalStructureRelation.organizational_structure" must be a "OrganizationalStructure" instance.


--- Create Relation Request ---
Data: {'organizational_structure': 2, 'parent_organizational_structure': '1', 'relation_type': ''}
Successfully created relation: Maintenance -> Information Technology

--- Create Relation Request ---
Data: {'organizational_structure': 2, 'parent_organizational_structure': '1', 'relation_type': ''}
Serializer errors: {'non_field_errors': [ErrorDetail(string='The fields organizational_structure, parent_organizational_structure must make a unique set.', code='unique')]}

[2026-02-10 14:55:56.285717+00:00] Login attempt for: bahaaeddinezaoui
Login successful for: bahaaeddinezaoui

[2026-02-10 14:56:05.509737+00:00] Login attempt for: bahaaeddinezaoui
Login successful for: bahaaeddinezaoui

[2026-02-10 14:58:43.438817+00:00] Login attempt for: bahaaeddinezaoui
Login successful for: bahaaeddinezaoui

[2026-02-10 15:03:13.220550+00:00] Login attempt for: bahaaeddinezaoui
Login successful for: bahaaeddinezaoui

[2026-02-10 15:03:21.051964+00:00] Login attempt for: bahaaeddinezaoui
Login successful for: bahaaeddinezaoui

[2026-02-10 15:10:01.035164+00:00] Login attempt for: bahaaeddinezaoui
Password mismatch for user: bahaaeddinezaoui
Provided hash: 9c7535a35757a97cc56d...
DB hash:       9780eb93119bb629dc90...

[2026-02-10 15:15:52.582423+00:00] Login attempt for: bahaaeddinezaoui
Login successful for: bahaaeddinezaoui

[2026-02-10 15:16:10.379760+00:00] Login attempt for: bahaaeddinezaoui
Login successful for: bahaaeddinezaoui

[2026-02-10 15:20:12.391244+00:00] Login attempt for: bahaaeddinezaoui
Login successful for: bahaaeddinezaoui
